{"/Users/tandemseven/projects/components/accordion/source/index.js": {"path":"/Users/tandemseven/projects/components/accordion/source/index.js","statementMap":{"0":{"start":{"line":20,"column":4},"end":{"line":20,"column":16}},"1":{"start":{"line":23,"column":4},"end":{"line":23,"column":14}},"2":{"start":{"line":26,"column":4},"end":{"line":26,"column":23}},"3":{"start":{"line":31,"column":4},"end":{"line":34,"column":5}},"4":{"start":{"line":39,"column":24},"end":{"line":39,"column":42}},"5":{"start":{"line":40,"column":24},"end":{"line":40,"column":43}},"6":{"start":{"line":41,"column":20},"end":{"line":41,"column":54}},"7":{"start":{"line":43,"column":4},"end":{"line":47,"column":5}},"8":{"start":{"line":44,"column":6},"end":{"line":46,"column":8}},"9":{"start":{"line":52,"column":21},"end":{"line":52,"column":30}},"10":{"start":{"line":53,"column":21},"end":{"line":53,"column":36}},"11":{"start":{"line":56,"column":4},"end":{"line":58,"column":5}},"12":{"start":{"line":57,"column":6},"end":{"line":57,"column":12}},"13":{"start":{"line":60,"column":18},"end":{"line":60,"column":34}},"14":{"start":{"line":62,"column":19},"end":{"line":62,"column":49}},"15":{"start":{"line":63,"column":23},"end":{"line":63,"column":38}},"16":{"start":{"line":67,"column":4},"end":{"line":69,"column":5}},"17":{"start":{"line":68,"column":6},"end":{"line":68,"column":19}},"18":{"start":{"line":72,"column":4},"end":{"line":72,"column":33}},"19":{"start":{"line":74,"column":4},"end":{"line":76,"column":6}},"20":{"start":{"line":79,"column":24},"end":{"line":79,"column":46}},"21":{"start":{"line":81,"column":4},"end":{"line":83,"column":5}},"22":{"start":{"line":82,"column":6},"end":{"line":82,"column":12}},"23":{"start":{"line":85,"column":4},"end":{"line":85,"column":42}},"24":{"start":{"line":91,"column":15},"end":{"line":91,"column":28}},"25":{"start":{"line":94,"column":21},"end":{"line":94,"column":40}},"26":{"start":{"line":97,"column":21},"end":{"line":97,"column":40}},"27":{"start":{"line":100,"column":18},"end":{"line":100,"column":34}},"28":{"start":{"line":103,"column":24},"end":{"line":103,"column":40}},"29":{"start":{"line":106,"column":19},"end":{"line":106,"column":21}},"30":{"start":{"line":109,"column":4},"end":{"line":158,"column":6}},"31":{"start":{"line":111,"column":22},"end":{"line":111,"column":55}},"32":{"start":{"line":112,"column":23},"end":{"line":112,"column":57}},"33":{"start":{"line":115,"column":23},"end":{"line":115,"column":34}},"34":{"start":{"line":118,"column":20},"end":{"line":118,"column":37}},"35":{"start":{"line":119,"column":20},"end":{"line":119,"column":40}},"36":{"start":{"line":121,"column":6},"end":{"line":127,"column":7}},"37":{"start":{"line":122,"column":8},"end":{"line":126,"column":9}},"38":{"start":{"line":130,"column":6},"end":{"line":143,"column":7}},"39":{"start":{"line":146,"column":6},"end":{"line":157,"column":7}},"40":{"start":{"line":161,"column":4},"end":{"line":170,"column":5}},"41":{"start":{"line":175,"column":0},"end":{"line":183,"column":1}},"42":{"start":{"line":186,"column":0},"end":{"line":190,"column":1}}},"fnMap":{"0":{"name":"(anonymous_0)","decl":{"start":{"line":18,"column":2},"end":{"line":18,"column":3}},"loc":{"start":{"line":18,"column":22},"end":{"line":27,"column":3}},"line":18},"1":{"name":"(anonymous_1)","decl":{"start":{"line":30,"column":2},"end":{"line":30,"column":3}},"loc":{"start":{"line":30,"column":18},"end":{"line":35,"column":3}},"line":30},"2":{"name":"(anonymous_2)","decl":{"start":{"line":38,"column":2},"end":{"line":38,"column":3}},"loc":{"start":{"line":38,"column":40},"end":{"line":48,"column":3}},"line":38},"3":{"name":"(anonymous_3)","decl":{"start":{"line":51,"column":2},"end":{"line":51,"column":3}},"loc":{"start":{"line":51,"column":32},"end":{"line":86,"column":3}},"line":51},"4":{"name":"(anonymous_4)","decl":{"start":{"line":89,"column":2},"end":{"line":89,"column":3}},"loc":{"start":{"line":89,"column":12},"end":{"line":171,"column":3}},"line":89},"5":{"name":"(anonymous_5)","decl":{"start":{"line":109,"column":17},"end":{"line":109,"column":18}},"loc":{"start":{"line":109,"column":31},"end":{"line":158,"column":5}},"line":109}},"branchMap":{"0":{"loc":{"start":{"line":32,"column":10},"end":{"line":32,"column":35}},"type":"binary-expr","locations":[{"start":{"line":32,"column":10},"end":{"line":32,"column":23}},{"start":{"line":32,"column":27},"end":{"line":32,"column":35}}],"line":32},"1":{"loc":{"start":{"line":43,"column":4},"end":{"line":47,"column":5}},"type":"if","locations":[{"start":{"line":43,"column":4},"end":{"line":47,"column":5}},{"start":{"line":43,"column":4},"end":{"line":47,"column":5}}],"line":43},"2":{"loc":{"start":{"line":56,"column":4},"end":{"line":58,"column":5}},"type":"if","locations":[{"start":{"line":56,"column":4},"end":{"line":58,"column":5}},{"start":{"line":56,"column":4},"end":{"line":58,"column":5}}],"line":56},"3":{"loc":{"start":{"line":56,"column":8},"end":{"line":56,"column":29}},"type":"binary-expr","locations":[{"start":{"line":56,"column":8},"end":{"line":56,"column":16}},{"start":{"line":56,"column":20},"end":{"line":56,"column":29}}],"line":56},"4":{"loc":{"start":{"line":67,"column":4},"end":{"line":69,"column":5}},"type":"if","locations":[{"start":{"line":67,"column":4},"end":{"line":69,"column":5}},{"start":{"line":67,"column":4},"end":{"line":69,"column":5}}],"line":67},"5":{"loc":{"start":{"line":81,"column":4},"end":{"line":83,"column":5}},"type":"if","locations":[{"start":{"line":81,"column":4},"end":{"line":83,"column":5}},{"start":{"line":81,"column":4},"end":{"line":83,"column":5}}],"line":81},"6":{"loc":{"start":{"line":121,"column":6},"end":{"line":127,"column":7}},"type":"if","locations":[{"start":{"line":121,"column":6},"end":{"line":127,"column":7}},{"start":{"line":121,"column":6},"end":{"line":127,"column":7}}],"line":121}},"s":{"0":1,"1":1,"2":1,"3":1,"4":0,"5":0,"6":0,"7":0,"8":0,"9":1,"10":1,"11":1,"12":0,"13":1,"14":1,"15":1,"16":1,"17":1,"18":1,"19":1,"20":1,"21":1,"22":1,"23":0,"24":2,"25":2,"26":2,"27":2,"28":2,"29":2,"30":2,"31":4,"32":4,"33":4,"34":4,"35":4,"36":4,"37":0,"38":4,"39":4,"40":2,"41":1,"42":1},"f":{"0":1,"1":1,"2":0,"3":1,"4":2,"5":4},"b":{"0":[1,1],"1":[0,0],"2":[0,1],"3":[1,0],"4":[1,0],"5":[1,0],"6":[0,4]},"_coverageSchema":"332fd63041d2c1bcb487cc26dd0d5f7d97098a6c","hash":"845d4ab40924009f695d75e1c7db139872ae7e71"}
,"/Users/tandemseven/projects/components/accordion/source/template_header.js": {"path":"/Users/tandemseven/projects/components/accordion/source/template_header.js","statementMap":{"0":{"start":{"line":12,"column":4},"end":{"line":12,"column":16}},"1":{"start":{"line":15,"column":4},"end":{"line":15,"column":14}},"2":{"start":{"line":20,"column":21},"end":{"line":20,"column":30}},"3":{"start":{"line":21,"column":21},"end":{"line":21,"column":36}},"4":{"start":{"line":24,"column":4},"end":{"line":26,"column":5}},"5":{"start":{"line":25,"column":6},"end":{"line":25,"column":12}},"6":{"start":{"line":28,"column":24},"end":{"line":28,"column":46}},"7":{"start":{"line":30,"column":4},"end":{"line":32,"column":5}},"8":{"start":{"line":31,"column":6},"end":{"line":31,"column":12}},"9":{"start":{"line":34,"column":18},"end":{"line":34,"column":34}},"10":{"start":{"line":35,"column":18},"end":{"line":35,"column":34}},"11":{"start":{"line":37,"column":4},"end":{"line":37,"column":32}},"12":{"start":{"line":42,"column":25},"end":{"line":42,"column":48}},"13":{"start":{"line":43,"column":25},"end":{"line":43,"column":48}},"14":{"start":{"line":44,"column":25},"end":{"line":44,"column":48}},"15":{"start":{"line":46,"column":22},"end":{"line":46,"column":42}},"16":{"start":{"line":47,"column":15},"end":{"line":47,"column":28}},"17":{"start":{"line":48,"column":18},"end":{"line":48,"column":34}},"18":{"start":{"line":50,"column":24},"end":{"line":50,"column":40}},"19":{"start":{"line":52,"column":4},"end":{"line":72,"column":5}},"20":{"start":{"line":77,"column":0},"end":{"line":88,"column":1}},"21":{"start":{"line":91,"column":0},"end":{"line":94,"column":1}}},"fnMap":{"0":{"name":"(anonymous_0)","decl":{"start":{"line":10,"column":2},"end":{"line":10,"column":3}},"loc":{"start":{"line":10,"column":22},"end":{"line":16,"column":3}},"line":10},"1":{"name":"(anonymous_1)","decl":{"start":{"line":19,"column":2},"end":{"line":19,"column":3}},"loc":{"start":{"line":19,"column":18},"end":{"line":38,"column":3}},"line":19},"2":{"name":"(anonymous_2)","decl":{"start":{"line":41,"column":2},"end":{"line":41,"column":3}},"loc":{"start":{"line":41,"column":12},"end":{"line":73,"column":3}},"line":41}},"branchMap":{"0":{"loc":{"start":{"line":24,"column":4},"end":{"line":26,"column":5}},"type":"if","locations":[{"start":{"line":24,"column":4},"end":{"line":26,"column":5}},{"start":{"line":24,"column":4},"end":{"line":26,"column":5}}],"line":24},"1":{"loc":{"start":{"line":24,"column":8},"end":{"line":24,"column":29}},"type":"binary-expr","locations":[{"start":{"line":24,"column":8},"end":{"line":24,"column":16}},{"start":{"line":24,"column":20},"end":{"line":24,"column":29}}],"line":24},"2":{"loc":{"start":{"line":30,"column":4},"end":{"line":32,"column":5}},"type":"if","locations":[{"start":{"line":30,"column":4},"end":{"line":32,"column":5}},{"start":{"line":30,"column":4},"end":{"line":32,"column":5}}],"line":30}},"s":{"0":2,"1":2,"2":1,"3":1,"4":1,"5":0,"6":1,"7":1,"8":0,"9":1,"10":1,"11":1,"12":4,"13":4,"14":4,"15":4,"16":4,"17":4,"18":4,"19":4,"20":1,"21":1},"f":{"0":2,"1":1,"2":4},"b":{"0":[0,1],"1":[1,0],"2":[0,1]},"_coverageSchema":"332fd63041d2c1bcb487cc26dd0d5f7d97098a6c","hash":"1bd6afe511cbf4be404639c2a2cafcfa680d678c"}
,"/Users/tandemseven/projects/components/accordion/source/template_panel.js": {"path":"/Users/tandemseven/projects/components/accordion/source/template_panel.js","statementMap":{},"fnMap":{},"branchMap":{},"s":{},"f":{},"b":{},"_coverageSchema":"332fd63041d2c1bcb487cc26dd0d5f7d97098a6c","hash":"4e5bebc62efb694ad19407cf5dca0232c15f4f19"}
}
