TN:
SF:/Users/tandemseven/T7/t7-components/accordion/source/index.js
FN:18,(anonymous_0)
FN:30,(anonymous_1)
FN:38,(anonymous_2)
FN:51,(anonymous_3)
FN:89,(anonymous_4)
FN:109,(anonymous_5)
FNF:6
FNH:5
FNDA:1,(anonymous_0)
FNDA:1,(anonymous_1)
FNDA:0,(anonymous_2)
FNDA:1,(anonymous_3)
FNDA:2,(anonymous_4)
FNDA:4,(anonymous_5)
DA:20,1
DA:23,1
DA:26,1
DA:31,1
DA:39,0
DA:40,0
DA:41,0
DA:43,0
DA:44,0
DA:52,1
DA:53,1
DA:56,1
DA:57,0
DA:60,1
DA:62,1
DA:63,1
DA:67,1
DA:68,1
DA:72,1
DA:74,1
DA:79,1
DA:81,1
DA:82,1
DA:85,0
DA:91,2
DA:94,2
DA:97,2
DA:100,2
DA:103,2
DA:106,2
DA:109,2
DA:111,4
DA:112,4
DA:115,4
DA:118,4
DA:119,4
DA:121,4
DA:122,0
DA:130,4
DA:146,4
DA:161,2
DA:175,1
DA:186,1
LF:43
LH:35
BRDA:32,0,0,1
BRDA:32,0,1,1
BRDA:43,1,0,0
BRDA:43,1,1,0
BRDA:56,2,0,0
BRDA:56,2,1,1
BRDA:56,3,0,1
BRDA:56,3,1,0
BRDA:67,4,0,1
BRDA:67,4,1,0
BRDA:81,5,0,1
BRDA:81,5,1,0
BRDA:121,6,0,0
BRDA:121,6,1,4
BRF:14
BRH:7
end_of_record
TN:
SF:/Users/tandemseven/T7/t7-components/accordion/source/template_header.js
FN:10,(anonymous_0)
FN:19,(anonymous_1)
FN:41,(anonymous_2)
FNF:3
FNH:3
FNDA:2,(anonymous_0)
FNDA:1,(anonymous_1)
FNDA:4,(anonymous_2)
DA:12,2
DA:15,2
DA:20,1
DA:21,1
DA:24,1
DA:25,0
DA:28,1
DA:30,1
DA:31,0
DA:34,1
DA:35,1
DA:37,1
DA:42,4
DA:43,4
DA:44,4
DA:46,4
DA:47,4
DA:48,4
DA:50,4
DA:52,4
DA:77,1
DA:91,1
LF:22
LH:20
BRDA:24,0,0,0
BRDA:24,0,1,1
BRDA:24,1,0,1
BRDA:24,1,1,0
BRDA:30,2,0,0
BRDA:30,2,1,1
BRF:6
BRH:3
end_of_record
TN:
SF:/Users/tandemseven/T7/t7-components/accordion/source/template_panel.js
FNF:0
FNH:0
LF:0
LH:0
BRF:0
BRH:0
end_of_record
